<?xml version="1.0" encoding="UTF-8"?>
<!-- Generated by org.testng.reporters.JUnitReportReporter -->
<testsuite hostname="DESKTOP-0DKFTTS" failures="0" tests="7" name="com.qa.opencart.tests.AccountsPageTests" time="27.092" errors="0" timestamp="2024-07-15T20:58:10 PDT" skipped="0">
  <testcase classname="com.qa.opencart.tests.AccountsPageTests" name="accountPageTitleTest" time="0.411"/>
  <testcase classname="com.qa.opencart.tests.AccountsPageTests" name="accountPageUrlTest" time="0.447"/>
  <testcase classname="com.qa.opencart.tests.AccountsPageTests" name="accPageHeadersList" time="2.712"/>
  <testcase classname="com.qa.opencart.tests.AccountsPageTests" name="searchTest" time="2.965"/>
  <testcase classname="com.qa.opencart.tests.AccountsPageTests" name="searchTest" time="5.528"/>
  <testcase classname="com.qa.opencart.tests.AccountsPageTests" name="searchTest" time="2.704"/>
  <testcase classname="com.qa.opencart.tests.AccountsPageTests" name="searchTest" time="12.325"/>
</testsuite> <!-- com.qa.opencart.tests.AccountsPageTests -->
