<?xml version="1.0" encoding="UTF-8"?>
<!-- Generated by org.testng.reporters.JUnitReportReporter -->
<testsuite hostname="DESKTOP-0DKFTTS" failures="0" tests="4" name="com.qa.opencart.tests.LoginPageTests" time="10.059" errors="0" timestamp="2024-07-15T20:58:10 PDT" skipped="0">
  <testcase classname="com.qa.opencart.tests.LoginPageTests" name="loginPageTitleTest" time="1.071"/>
  <testcase classname="com.qa.opencart.tests.LoginPageTests" name="loginPageUrlTest" time="0.366"/>
  <testcase classname="com.qa.opencart.tests.LoginPageTests" name="frgtPasswordLinkExistTest" time="1.010"/>
  <testcase classname="com.qa.opencart.tests.LoginPageTests" name="loginTest" time="7.612"/>
</testsuite> <!-- com.qa.opencart.tests.LoginPageTests -->
