<?xml version="1.0" encoding="UTF-8"?>
<!-- Generated by org.testng.reporters.JUnitReportReporter -->
<testsuite hostname="DESKTOP-0DKFTTS" failures="0" tests="4" name="com.qa.opencart.tests.LoginPageTests" time="10.969" errors="0" timestamp="2024-06-28T22:57:27 PDT" skipped="0">
  <testcase classname="com.qa.opencart.tests.LoginPageTests" name="loginPageTitleTest" time="1.518"/>
  <testcase classname="com.qa.opencart.tests.LoginPageTests" name="loginPageUrlTest" time="0.302"/>
  <testcase classname="com.qa.opencart.tests.LoginPageTests" name="frgtPasswordLinkExistTest" time="1.397"/>
  <testcase classname="com.qa.opencart.tests.LoginPageTests" name="loginTest" time="7.752"/>
</testsuite> <!-- com.qa.opencart.tests.LoginPageTests -->
