<?xml version="1.0" encoding="UTF-8"?>
<!-- Generated by org.testng.reporters.JUnitReportReporter -->
<testsuite hostname="DESKTOP-0DKFTTS" failures="0" tests="7" name="com.qa.opencart.tests.AccountsPageTests" time="23.272" errors="0" timestamp="2024-06-28T22:57:27 PDT" skipped="0">
  <testcase classname="com.qa.opencart.tests.AccountsPageTests" name="searchTest" time="2.942"/>
  <testcase classname="com.qa.opencart.tests.AccountsPageTests" name="accountPageUrlTest" time="0.031"/>
  <testcase classname="com.qa.opencart.tests.AccountsPageTests" name="accPageHeadersList" time="0.253"/>
  <testcase classname="com.qa.opencart.tests.AccountsPageTests" name="searchTest" time="3.197"/>
  <testcase classname="com.qa.opencart.tests.AccountsPageTests" name="accountPageTitleTest" time="0.032"/>
  <testcase classname="com.qa.opencart.tests.AccountsPageTests" name="searchTest" time="3.670"/>
  <testcase classname="com.qa.opencart.tests.AccountsPageTests" name="searchTest" time="13.147"/>
</testsuite> <!-- com.qa.opencart.tests.AccountsPageTests -->
