<?xml version="1.0" encoding="UTF-8"?>
<!-- Generated by org.testng.reporters.JUnitReportReporter -->
<testsuite hostname="DESKTOP-0DKFTTS" failures="0" tests="11" name="com.qa.opencart.tests.ProductInfoPageTests" time="57.039" errors="0" timestamp="2024-06-28T22:57:27 PDT" skipped="0">
  <testcase classname="com.qa.opencart.tests.ProductInfoPageTests" name="productHeaderTest" time="5.514"/>
  <testcase classname="com.qa.opencart.tests.ProductInfoPageTests" name="productImagesCountTest" time="4.465"/>
  <testcase classname="com.qa.opencart.tests.ProductInfoPageTests" name="productHeaderTest" time="5.294"/>
  <testcase classname="com.qa.opencart.tests.ProductInfoPageTests" name="productImagesCountTest" time="4.218"/>
  <testcase classname="com.qa.opencart.tests.ProductInfoPageTests" name="productHeaderTest" time="8.223"/>
  <testcase classname="com.qa.opencart.tests.ProductInfoPageTests" name="productImagesCountTest" time="4.358"/>
  <testcase classname="com.qa.opencart.tests.ProductInfoPageTests" name="productHeaderTest" time="5.573"/>
  <testcase classname="com.qa.opencart.tests.ProductInfoPageTests" name="productImagesCountTest" time="4.274"/>
  <testcase classname="com.qa.opencart.tests.ProductInfoPageTests" name="productHeaderTest" time="5.529"/>
  <testcase classname="com.qa.opencart.tests.ProductInfoPageTests" name="productImagesCountTest" time="4.235"/>
  <testcase classname="com.qa.opencart.tests.ProductInfoPageTests" name="productInfoTest" time="5.356"/>
</testsuite> <!-- com.qa.opencart.tests.ProductInfoPageTests -->
