<?xml version="1.0" encoding="UTF-8"?>
<!-- Generated by org.testng.reporters.JUnitReportReporter -->
<testsuite hostname="DESKTOP-0DKFTTS" failures="0" tests="3" name="com.qa.opencart.tests.RegistrationPageTests" time="23.995" errors="0" timestamp="2024-07-15T20:58:10 PDT" skipped="0">
  <testcase classname="com.qa.opencart.tests.RegistrationPageTests" name="userRegistrationTest" time="7.867"/>
  <testcase classname="com.qa.opencart.tests.RegistrationPageTests" name="userRegistrationTest" time="8.271"/>
  <testcase classname="com.qa.opencart.tests.RegistrationPageTests" name="userRegistrationTest" time="7.857"/>
</testsuite> <!-- com.qa.opencart.tests.RegistrationPageTests -->
