<?xml version="1.0" encoding="UTF-8"?>
<!-- Generated by org.testng.reporters.JUnitReportReporter -->
<testsuite hostname="DESKTOP-0DKFTTS" failures="0" tests="3" name="com.qa.opencart.tests.RegistrationPageTests" time="42.342" errors="0" timestamp="2024-06-28T22:57:27 PDT" skipped="0">
  <testcase classname="com.qa.opencart.tests.RegistrationPageTests" name="userRegistrationTest" time="13.380"/>
  <testcase classname="com.qa.opencart.tests.RegistrationPageTests" name="userRegistrationTest" time="13.758"/>
  <testcase classname="com.qa.opencart.tests.RegistrationPageTests" name="userRegistrationTest" time="15.204"/>
</testsuite> <!-- com.qa.opencart.tests.RegistrationPageTests -->
